  main.cpp
C:\Users\Nilson Neves Filho\Desktop\Game_Project\Maze_Game_1.0\Maze_Game_1.0\main.cpp(203,15): warning C4305: '+=': truncamento de 'double' para 'float'
C:\Users\Nilson Neves Filho\Desktop\Game_Project\Maze_Game_1.0\Maze_Game_1.0\main.cpp(207,15): warning C4305: '-=': truncamento de 'double' para 'float'
C:\Users\Nilson Neves Filho\Desktop\Game_Project\Maze_Game_1.0\Maze_Game_1.0\main.cpp(414,29): warning C4305: '+=': truncamento de 'double' para 'float'
C:\Users\Nilson Neves Filho\Desktop\Game_Project\Maze_Game_1.0\Maze_Game_1.0\main.cpp(415,33): warning C4305: '-=': truncamento de 'double' para 'float'
C:\Users\Nilson Neves Filho\Desktop\Game_Project\Maze_Game_1.0\Maze_Game_1.0\main.cpp(423,50): warning C4305: 'argumento': truncamento de 'double' para 'GLfloat'
C:\Users\Nilson Neves Filho\Desktop\Game_Project\Maze_Game_1.0\Maze_Game_1.0\main.cpp(424,51): warning C4305: 'argumento': truncamento de 'double' para 'GLfloat'
C:\Users\Nilson Neves Filho\Desktop\Game_Project\Maze_Game_1.0\Maze_Game_1.0\main.cpp(425,51): warning C4305: 'argumento': truncamento de 'double' para 'GLfloat'
C:\Users\Nilson Neves Filho\Desktop\Game_Project\Maze_Game_1.0\Maze_Game_1.0\main.cpp(434,50): warning C4305: 'argumento': truncamento de 'double' para 'GLfloat'
C:\Users\Nilson Neves Filho\Desktop\Game_Project\Maze_Game_1.0\Maze_Game_1.0\main.cpp(435,51): warning C4305: 'argumento': truncamento de 'double' para 'GLfloat'
C:\Users\Nilson Neves Filho\Desktop\Game_Project\Maze_Game_1.0\Maze_Game_1.0\main.cpp(436,51): warning C4305: 'argumento': truncamento de 'double' para 'GLfloat'
C:\Users\Nilson Neves Filho\Desktop\Game_Project\Maze_Game_1.0\Maze_Game_1.0\main.cpp(445,50): warning C4305: 'argumento': truncamento de 'double' para 'GLfloat'
C:\Users\Nilson Neves Filho\Desktop\Game_Project\Maze_Game_1.0\Maze_Game_1.0\main.cpp(446,49): warning C4305: 'argumento': truncamento de 'double' para 'GLfloat'
C:\Users\Nilson Neves Filho\Desktop\Game_Project\Maze_Game_1.0\Maze_Game_1.0\main.cpp(447,50): warning C4305: 'argumento': truncamento de 'double' para 'GLfloat'
C:\Users\Nilson Neves Filho\Desktop\Game_Project\Maze_Game_1.0\Maze_Game_1.0\main.cpp(456,49): warning C4305: 'argumento': truncamento de 'double' para 'GLfloat'
C:\Users\Nilson Neves Filho\Desktop\Game_Project\Maze_Game_1.0\Maze_Game_1.0\main.cpp(457,51): warning C4305: 'argumento': truncamento de 'double' para 'GLfloat'
C:\Users\Nilson Neves Filho\Desktop\Game_Project\Maze_Game_1.0\Maze_Game_1.0\main.cpp(458,50): warning C4305: 'argumento': truncamento de 'double' para 'GLfloat'
C:\Users\Nilson Neves Filho\Desktop\Game_Project\Maze_Game_1.0\Maze_Game_1.0\main.cpp(487,17): warning C4305: '+=': truncamento de 'double' para 'float'
C:\Users\Nilson Neves Filho\Desktop\Game_Project\Maze_Game_1.0\Maze_Game_1.0\main.cpp(488,27): warning C4305: '+=': truncamento de 'double' para 'float'
C:\Users\Nilson Neves Filho\Desktop\Game_Project\Maze_Game_1.0\Maze_Game_1.0\main.cpp(489,32): warning C4305: '-=': truncamento de 'double' para 'float'
C:\Users\Nilson Neves Filho\Desktop\Game_Project\Maze_Game_1.0\Maze_Game_1.0\main.cpp(519,12): warning C4305: '-=': truncamento de 'double' para 'float'
C:\Users\Nilson Neves Filho\Desktop\Game_Project\Maze_Game_1.0\Maze_Game_1.0\main.cpp(520,27): warning C4305: '+=': truncamento de 'double' para 'float'
C:\Users\Nilson Neves Filho\Desktop\Game_Project\Maze_Game_1.0\Maze_Game_1.0\main.cpp(525,12): warning C4305: '+=': truncamento de 'double' para 'float'
C:\Users\Nilson Neves Filho\Desktop\Game_Project\Maze_Game_1.0\Maze_Game_1.0\main.cpp(526,30): warning C4305: '-=': truncamento de 'double' para 'float'
  Maze_Game_1.0.vcxproj -> C:\Users\Nilson Neves Filho\Desktop\Game_Project\Maze_Game_1.0\Debug\Maze_Game_1.0.exe
